0 info it worked if it ends with ok
1 verbose cli [ 'C:\\Program Files\\nodejs\\node.exe',
1 verbose cli   'C:\\Program Files\\nodejs\\node_modules\\npm\\bin\\npm-cli.js',
1 verbose cli   'install',
1 verbose cli   'n',
1 verbose cli   'latest' ]
2 info using npm@3.10.10
3 info using node@v6.11.1
4 silly loadCurrentTree Starting
5 silly install loadCurrentTree
6 silly install readLocalPackageData
7 silly fetchPackageMetaData n
8 silly fetchPackageMetaData latest
9 silly fetchNamedPackageData n
10 silly mapToRegistry name n
11 silly mapToRegistry using default registry
12 silly mapToRegistry registry https://registry.npmjs.org/
13 silly mapToRegistry data Result {
13 silly mapToRegistry   raw: 'n',
13 silly mapToRegistry   scope: null,
13 silly mapToRegistry   escapedName: 'n',
13 silly mapToRegistry   name: 'n',
13 silly mapToRegistry   rawSpec: '',
13 silly mapToRegistry   spec: 'latest',
13 silly mapToRegistry   type: 'tag' }
14 silly mapToRegistry uri https://registry.npmjs.org/n
15 silly fetchNamedPackageData latest
16 silly mapToRegistry name latest
17 silly mapToRegistry using default registry
18 silly mapToRegistry registry https://registry.npmjs.org/
19 silly mapToRegistry data Result {
19 silly mapToRegistry   raw: 'latest',
19 silly mapToRegistry   scope: null,
19 silly mapToRegistry   escapedName: 'latest',
19 silly mapToRegistry   name: 'latest',
19 silly mapToRegistry   rawSpec: '',
19 silly mapToRegistry   spec: 'latest',
19 silly mapToRegistry   type: 'tag' }
20 silly mapToRegistry uri https://registry.npmjs.org/latest
21 verbose request uri https://registry.npmjs.org/n
22 verbose request no auth needed
23 info attempt registry request try #1 at 11:51:40 PM
24 verbose request id 199efc74a5a2dd0c
25 http request GET https://registry.npmjs.org/n
26 verbose request uri https://registry.npmjs.org/latest
27 verbose request no auth needed
28 info attempt registry request try #1 at 11:51:40 PM
29 verbose etag W/"54e67665-1ef0"
30 verbose lastModified Thu, 19 Feb 2015 23:48:53 GMT
31 http request GET https://registry.npmjs.org/latest
32 http 200 https://registry.npmjs.org/n
33 verbose headers { date: 'Sun, 11 Nov 2018 07:51:40 GMT',
33 verbose headers   'content-type': 'application/json; charset=UTF-8',
33 verbose headers   'transfer-encoding': 'chunked',
33 verbose headers   connection: 'keep-alive',
33 verbose headers   'set-cookie': [ '__cfduid=d0ae726292a6fd07283439eec118cd81f1541922700; expires=Mon, 11-Nov-19 07:51:40 GMT; path=/; domain=.registry.npmjs.org; HttpOnly' ],
33 verbose headers   'cf-cache-status': 'HIT',
33 verbose headers   'cache-control': 'max-age=300',
33 verbose headers   'cf-ray': '477f2cd12f683c35-CDG',
33 verbose headers   etag: 'W/"794fec4ca3d45c86a55b552d4a0e3ec8"',
33 verbose headers   'expect-ct': 'max-age=604800, report-uri="https://report-uri.cloudflare.com/cdn-cgi/beacon/expect-ct"',
33 verbose headers   'last-modified': 'Fri, 03 Aug 2018 00:36:01 GMT',
33 verbose headers   vary: 'accept-encoding, accept',
33 verbose headers   server: 'cloudflare',
33 verbose headers   'content-encoding': 'gzip' }
34 silly get cb [ 200,
34 silly get   { date: 'Sun, 11 Nov 2018 07:51:40 GMT',
34 silly get     'content-type': 'application/json; charset=UTF-8',
34 silly get     'transfer-encoding': 'chunked',
34 silly get     connection: 'keep-alive',
34 silly get     'set-cookie': [ '__cfduid=d0ae726292a6fd07283439eec118cd81f1541922700; expires=Mon, 11-Nov-19 07:51:40 GMT; path=/; domain=.registry.npmjs.org; HttpOnly' ],
34 silly get     'cf-cache-status': 'HIT',
34 silly get     'cache-control': 'max-age=300',
34 silly get     'cf-ray': '477f2cd12f683c35-CDG',
34 silly get     etag: 'W/"794fec4ca3d45c86a55b552d4a0e3ec8"',
34 silly get     'expect-ct': 'max-age=604800, report-uri="https://report-uri.cloudflare.com/cdn-cgi/beacon/expect-ct"',
34 silly get     'last-modified': 'Fri, 03 Aug 2018 00:36:01 GMT',
34 silly get     vary: 'accept-encoding, accept',
34 silly get     server: 'cloudflare',
34 silly get     'content-encoding': 'gzip' } ]
35 verbose get saving n to C:\Users\Administrator\AppData\Roaming\npm-cache\registry.npmjs.org\n\.cache.json
36 verbose correctMkdir C:\Users\Administrator\AppData\Roaming\npm-cache correctMkdir not in flight; initializing
37 http 200 https://registry.npmjs.org/latest
38 verbose headers { date: 'Sun, 11 Nov 2018 07:51:41 GMT',
38 verbose headers   'content-type': 'application/json; charset=UTF-8',
38 verbose headers   'transfer-encoding': 'chunked',
38 verbose headers   connection: 'keep-alive',
38 verbose headers   'set-cookie': [ '__cfduid=dceaaa99a7b0214874c84e42e82b6a3c91541922701; expires=Mon, 11-Nov-19 07:51:41 GMT; path=/; domain=.registry.npmjs.org; HttpOnly' ],
38 verbose headers   'cf-cache-status': 'REVALIDATED',
38 verbose headers   'cache-control': 'max-age=300',
38 verbose headers   'cf-ray': '477f2cd16f6b3c41-CDG',
38 verbose headers   etag: 'W/"e964f141cfb9fbef091b7d2880bed2ba"',
38 verbose headers   'expect-ct': 'max-age=604800, report-uri="https://report-uri.cloudflare.com/cdn-cgi/beacon/expect-ct"',
38 verbose headers   'last-modified': 'Sun, 27 May 2018 06:29:02 GMT',
38 verbose headers   vary: 'accept-encoding, accept',
38 verbose headers   server: 'cloudflare',
38 verbose headers   'content-encoding': 'gzip' }
39 silly get cb [ 200,
39 silly get   { date: 'Sun, 11 Nov 2018 07:51:41 GMT',
39 silly get     'content-type': 'application/json; charset=UTF-8',
39 silly get     'transfer-encoding': 'chunked',
39 silly get     connection: 'keep-alive',
39 silly get     'set-cookie': [ '__cfduid=dceaaa99a7b0214874c84e42e82b6a3c91541922701; expires=Mon, 11-Nov-19 07:51:41 GMT; path=/; domain=.registry.npmjs.org; HttpOnly' ],
39 silly get     'cf-cache-status': 'REVALIDATED',
39 silly get     'cache-control': 'max-age=300',
39 silly get     'cf-ray': '477f2cd16f6b3c41-CDG',
39 silly get     etag: 'W/"e964f141cfb9fbef091b7d2880bed2ba"',
39 silly get     'expect-ct': 'max-age=604800, report-uri="https://report-uri.cloudflare.com/cdn-cgi/beacon/expect-ct"',
39 silly get     'last-modified': 'Sun, 27 May 2018 06:29:02 GMT',
39 silly get     vary: 'accept-encoding, accept',
39 silly get     server: 'cloudflare',
39 silly get     'content-encoding': 'gzip' } ]
40 verbose get saving latest to C:\Users\Administrator\AppData\Roaming\npm-cache\registry.npmjs.org\latest\.cache.json
41 verbose correctMkdir C:\Users\Administrator\AppData\Roaming\npm-cache correctMkdir not in flight; initializing
42 silly install normalizeTree
43 silly loadCurrentTree Finishing
44 silly loadIdealTree Starting
45 silly install loadIdealTree
46 silly cloneCurrentTree Starting
47 silly install cloneCurrentTreeToIdealTree
48 silly cloneCurrentTree Finishing
49 silly loadShrinkwrap Starting
50 silly install loadShrinkwrap
51 silly loadShrinkwrap Finishing
52 silly loadAllDepsIntoIdealTree Starting
53 silly install loadAllDepsIntoIdealTree
54 silly rollbackFailedOptional Starting
55 silly rollbackFailedOptional Finishing
56 silly runTopLevelLifecycles Finishing
57 silly install printInstalled
58 verbose stack Error: Unsupported platform for n@2.1.12: wanted {"name":"n","description":"Interactively Manage All Your Node Versions","version":"2.1.12","author":{"name":"TJ Holowaychuk","email":"tj@vision-media.ca"},"homepage":"https://github.com/tj/n","bugs":{"url":"https://github.com/tj/n/issues"},"contributors":[{"name":"Travis Webb","email":"me@traviswebb.com","url":"tjw.io"},{"name":"Nimit Kalra","email":"me@nimit.io","url":"http://nimit.io"},{"name":"Troy Connor","email":"troy0820@gmail.com","url":"https://github.com/troy0820"}],"keywords":["nvm","node","version","manager","switcher","node","binary","env"],"bin":{"n":"./bin/n"},"repository":{"type":"git","url":"git://github.com/tj/n.git"},"preferGlobal":true,"os":["!win32"],"engines":{"node":"*"},"license":"MIT","gitHead":"8ad6cd3bc76fc674f7faf3d8cf2f4d6e7d1849c3","_id":"n@2.1.12","_npmVersion":"6.0.1","_nodeVersion":"8.11.2","_npmUser":{"name":"troy0820","email":"troy0820@gmail.com"},"dist":{"integrity":"sha512-LbdmVo3utWB0njvNAsEHZxMesZmUBOH54VOzGpywqi03huCmi0bsSyigKCLrBxlnvlcz4Nahwt342f6w9YU3Cg==","shasum":"7bca5e103bfe3632d4c1a70dfaf9ecf774c18aed","tarball":"https://registry.npmjs.org/n/-/n-2.1.12.tgz","fileCount":7,"unpackedSize":30247,"npm-signature":"-----BEGIN PGP SIGNATURE-----\r\nVersion: OpenPGP.js v3.0.4\r\nComment: https://openpgpjs.org\r\n\r\nwsFcBAEBCAAQBQJbHrp7CRA9TVsSAnZWagAAB1sP/3rWkLGMALGKzwjTPOKg\nVTqCSUL3Az1ihVlgplTvMLauz3xNo7eu6NfDDWotQGm2S/CYT4s5cC++xK/r\nF92PvMFIdnI+YSHZTdLvZpryOvyhHMh5NYM3ARhIt3YIC7nOkTVFVa1XkuUI\n0sp+vmIZrUZvzIEihVwHVxb5INxZVMh8NB6WZxVstRNmOl0/SgnSK2NLM1qy\nr7pgMjJWICF42ltXwVlRKaqCKeRpNJAvSMxBHaDFbKgmoXd37d7BsDc/qv0+\nQJZ2oHyKInimnUxKfY6pw702SyoQKsZvWflkTlVxjEMOjjRpXRKERFiWrRTH\nxEuQ7Jz7SsMRERJetsTpKPnS+OTyxioXtJmod4+Qy2AV6LS7q+h5NxLEzli8\nLdlbJP0MTJECJryeAl0OJbInoybp3MBmyAZ045TUbqwS/nzQtxNuEAJXHiqK\nYDtoFQjASiAAkjavrdb9yXiuyPPDK4HTvhlD3vTnr29dpxTUSAauvZ+a8E/Z\n+iNRw2NrZuor97NJ9Eltt80GWYgsCNACQGcfYk+7BS7YsAmco/KCSYH7TjVT\nnX7r1FjkHCmLnkkveJvsyEY3E8xTc4/e7YCkJIdXBTNZUgMDUWFqzB8lIA5y\noMIfkxiTchZpY8m6jSmPta/UZU4LyixYnmYslLSNPhj7KSidOtP3peKowy9D\nAW+0\r\n=Tct9\r\n-----END PGP SIGNATURE-----\r\n"},"maintainers":[{"name":"bat","email":"ben@benatkin.com"},{"name":"qw3rtman","email":"me@nimit.io"},{"name":"tedgaydos","email":"tedgaydos@gmail.com"},{"name":"tjholowaychuk","email":"tj@vision-media.ca"},{"name":"tjwebb","email":"me@traviswebb.com"},{"name":"troy0820","email":"troy0820@gmail.com"}],"directories":{},"_npmOperationalInternal":{"host":"s3://npm-registry-packages","tmp":"tmp/n_2.1.12_1528740474170_0.4363494946487372"},"_from":"n","_resolved":"https://registry.npmjs.org/n/-/n-2.1.12.tgz","_shasum":"7bca5e103bfe3632d4c1a70dfaf9ecf774c18aed","_requested":{"raw":"n","scope":null,"escapedName":"n","name":"n","rawSpec":"","spec":"latest","type":"tag"},"_spec":"n","_where":"C:\\Sources\\Dev\\ReactNooobs","_args":[[{"raw":"n","scope":null,"escapedName":"n","name":"n","rawSpec":"","spec":"latest","type":"tag"},"C:\\Sources\\Dev\\ReactNooobs"]],"readme":"ERROR: No README data found!"} (current: {"os":"win32","cpu":"x64"})
58 verbose stack     at checkPlatform (C:\Program Files\nodejs\node_modules\npm\node_modules\npm-install-checks\index.js:45:14)
58 verbose stack     at thenWarnEngineIssues (C:\Program Files\nodejs\node_modules\npm\lib\install\validate-args.js:41:5)
58 verbose stack     at C:\Program Files\nodejs\node_modules\npm\node_modules\iferr\index.js:13:50
58 verbose stack     at checkEngine (C:\Program Files\nodejs\node_modules\npm\node_modules\npm-install-checks\index.js:24:10)
58 verbose stack     at module.exports.isInstallable (C:\Program Files\nodejs\node_modules\npm\lib\install\validate-args.js:38:3)
58 verbose stack     at Array.<anonymous> (C:\Program Files\nodejs\node_modules\npm\node_modules\slide\lib\bind-actor.js:15:8)
58 verbose stack     at LOOP (C:\Program Files\nodejs\node_modules\npm\node_modules\slide\lib\chain.js:15:14)
58 verbose stack     at C:\Program Files\nodejs\node_modules\npm\node_modules\slide\lib\chain.js:18:7
58 verbose stack     at checkSelf (C:\Program Files\nodejs\node_modules\npm\lib\install\validate-args.js:46:72)
58 verbose stack     at Array.<anonymous> (C:\Program Files\nodejs\node_modules\npm\node_modules\slide\lib\bind-actor.js:15:8)
59 verbose pkgid n@2.1.12
60 verbose cwd C:\Sources\Dev\ReactNooobs
61 error Windows_NT 6.3.9600
62 error argv "C:\\Program Files\\nodejs\\node.exe" "C:\\Program Files\\nodejs\\node_modules\\npm\\bin\\npm-cli.js" "install" "n" "latest"
63 error node v6.11.1
64 error npm  v3.10.10
65 error code EBADPLATFORM
66 error notsup Unsupported platform for n@2.1.12: wanted {"os":"!win32","arch":"any"} (current: {"os":"win32","arch":"x64"})
67 error notsup Valid OS:    !win32
67 error notsup Valid Arch:  any
67 error notsup Actual OS:   win32
67 error notsup Actual Arch: x64
68 verbose exit [ 1, true ]
